{"C:\\Users\\tfran\\testes-tecnicos\\creditas\\creditas-app\\src\\modules\\calculator\\actions\\handleSubmit.tsx": {"path":"C:\\Users\\tfran\\testes-tecnicos\\creditas\\creditas-app\\src\\modules\\calculator\\actions\\handleSubmit.tsx","statementMap":{"0":{"start":{"line":2,"column":0},"end":{"line":2,"column":54}},"1":{"start":{"line":3,"column":21},"end":{"line":15,"column":1}},"2":{"start":{"line":4,"column":14},"end":{"line":4,"column":24}},"3":{"start":{"line":5,"column":25},"end":{"line":5,"column":45}},"4":{"start":{"line":6,"column":24},"end":{"line":9,"column":null}},"5":{"start":{"line":11,"column":25},"end":{"line":11,"column":71}},"6":{"start":{"line":12,"column":28},"end":{"line":12,"column":59}},"7":{"start":{"line":14,"column":2},"end":{"line":14,"column":27}},"8":{"start":{"line":16,"column":28},"end":{"line":24,"column":1}},"9":{"start":{"line":17,"column":40},"end":{"line":22,"column":4}},"10":{"start":{"line":23,"column":2},"end":{"line":23,"column":18}},"11":{"start":{"line":16,"column":13},"end":{"line":16,"column":28}}},"fnMap":{"0":{"name":"(anonymous_0)","decl":{"start":{"line":3,"column":21},"end":{"line":3,"column":22}},"loc":{"start":{"line":3,"column":51},"end":{"line":15,"column":1}}},"1":{"name":"(anonymous_1)","decl":{"start":{"line":16,"column":28},"end":{"line":16,"column":29}},"loc":{"start":{"line":16,"column":84},"end":{"line":24,"column":1}}}},"branchMap":{},"s":{"0":1,"1":1,"2":0,"3":0,"4":0,"5":0,"6":0,"7":0,"8":1,"9":0,"10":0,"11":1},"f":{"0":0,"1":0},"b":{}}
,"C:\\Users\\tfran\\testes-tecnicos\\creditas\\creditas-app\\src\\modules\\calculator\\components\\calculatorForm.tsx": {"path":"C:\\Users\\tfran\\testes-tecnicos\\creditas\\creditas-app\\src\\modules\\calculator\\components\\calculatorForm.tsx","statementMap":{"0":{"start":{"line":60,"column":9},"end":{"line":60,"column":23}},"1":{"start":{"line":1,"column":0},"end":{"line":1,"column":40}},"2":{"start":{"line":3,"column":0},"end":{"line":3,"column":55}},"3":{"start":{"line":6,"column":34},"end":{"line":6,"column":57}},"4":{"start":{"line":8,"column":23},"end":{"line":15,"column":3}},"5":{"start":{"line":9,"column":4},"end":{"line":9,"column":21}},"6":{"start":{"line":10,"column":28},"end":{"line":10,"column":36}},"7":{"start":{"line":11,"column":4},"end":{"line":14,"column":8}},"8":{"start":{"line":11,"column":27},"end":{"line":14,"column":6}},"9":{"start":{"line":17,"column":23},"end":{"line":22,"column":3}},"10":{"start":{"line":18,"column":4},"end":{"line":18,"column":23}},"11":{"start":{"line":19,"column":21},"end":{"line":19,"column":43}},"12":{"start":{"line":20,"column":4},"end":{"line":20,"column":23}},"13":{"start":{"line":21,"column":4},"end":{"line":21,"column":22}},"14":{"start":{"line":24,"column":2},"end":{"line":57,"column":4}}},"fnMap":{"0":{"name":"CalculatorForm","decl":{"start":{"line":5,"column":9},"end":{"line":5,"column":23}},"loc":{"start":{"line":5,"column":70},"end":{"line":58,"column":1}}},"1":{"name":"(anonymous_10)","decl":{"start":{"line":8,"column":23},"end":{"line":8,"column":24}},"loc":{"start":{"line":8,"column":66},"end":{"line":15,"column":3}}},"2":{"name":"(anonymous_11)","decl":{"start":{"line":11,"column":16},"end":{"line":11,"column":17}},"loc":{"start":{"line":11,"column":27},"end":{"line":14,"column":6}}},"3":{"name":"(anonymous_12)","decl":{"start":{"line":17,"column":23},"end":{"line":17,"column":24}},"loc":{"start":{"line":17,"column":63},"end":{"line":22,"column":3}}}},"branchMap":{},"s":{"0":1,"1":1,"2":1,"3":1,"4":1,"5":0,"6":0,"7":0,"8":0,"9":1,"10":0,"11":0,"12":0,"13":0,"14":1},"f":{"0":1,"1":0,"2":0,"3":0},"b":{}}
,"C:\\Users\\tfran\\testes-tecnicos\\creditas\\creditas-app\\src\\modules\\calculator\\components\\calculatorInputDisplay.tsx": {"path":"C:\\Users\\tfran\\testes-tecnicos\\creditas\\creditas-app\\src\\modules\\calculator\\components\\calculatorInputDisplay.tsx","statementMap":{"0":{"start":{"line":14,"column":9},"end":{"line":14,"column":31}},"1":{"start":{"line":1,"column":0},"end":{"line":1,"column":26}},"2":{"start":{"line":5,"column":2},"end":{"line":11,"column":4}}},"fnMap":{"0":{"name":"CalculatorInputDisplay","decl":{"start":{"line":4,"column":9},"end":{"line":4,"column":31}},"loc":{"start":{"line":4,"column":71},"end":{"line":12,"column":1}}}},"branchMap":{},"s":{"0":1,"1":1,"2":0},"f":{"0":0},"b":{}}
,"C:\\Users\\tfran\\testes-tecnicos\\creditas\\creditas-app\\src\\modules\\calculator\\components\\calculatorResultDisplay.tsx": {"path":"C:\\Users\\tfran\\testes-tecnicos\\creditas\\creditas-app\\src\\modules\\calculator\\components\\calculatorResultDisplay.tsx","statementMap":{"0":{"start":{"line":40,"column":9},"end":{"line":40,"column":32}},"1":{"start":{"line":1,"column":0},"end":{"line":1,"column":51}},"2":{"start":{"line":3,"column":0},"end":{"line":3,"column":67}},"3":{"start":{"line":15,"column":40},"end":{"line":15,"column":76}},"4":{"start":{"line":17,"column":2},"end":{"line":26,"column":13}},"5":{"start":{"line":19,"column":33},"end":{"line":19,"column":61}},"6":{"start":{"line":20,"column":26},"end":{"line":20,"column":73}},"7":{"start":{"line":21,"column":6},"end":{"line":21,"column":34}},"8":{"start":{"line":22,"column":6},"end":{"line":22,"column":31}},"9":{"start":{"line":25,"column":4},"end":{"line":25,"column":16}},"10":{"start":{"line":30,"column":2},"end":{"line":37,"column":4}}},"fnMap":{"0":{"name":"CalculatorResultDisplay","decl":{"start":{"line":6,"column":9},"end":{"line":6,"column":32}},"loc":{"start":{"line":14,"column":1},"end":{"line":38,"column":1}}},"1":{"name":"(anonymous_10)","decl":{"start":{"line":17,"column":12},"end":{"line":17,"column":15}},"loc":{"start":{"line":17,"column":17},"end":{"line":26,"column":3}}},"2":{"name":"calculate","decl":{"start":{"line":18,"column":19},"end":{"line":18,"column":28}},"loc":{"start":{"line":18,"column":28},"end":{"line":23,"column":5}}}},"branchMap":{},"s":{"0":1,"1":1,"2":1,"3":0,"4":0,"5":0,"6":0,"7":0,"8":0,"9":0,"10":0},"f":{"0":0,"1":0,"2":0},"b":{}}
,"C:\\Users\\tfran\\testes-tecnicos\\creditas\\creditas-app\\src\\modules\\calculator\\components\\index.ts": {"path":"C:\\Users\\tfran\\testes-tecnicos\\creditas\\creditas-app\\src\\modules\\calculator\\components\\index.ts","statementMap":{"0":{"start":{"line":1,"column":0},"end":{"line":1,"column":9}},"1":{"start":{"line":1,"column":9},"end":{"line":1,"column":50}},"2":{"start":{"line":2,"column":0},"end":{"line":2,"column":9}},"3":{"start":{"line":2,"column":9},"end":{"line":2,"column":66}},"4":{"start":{"line":3,"column":0},"end":{"line":3,"column":42}}},"fnMap":{"0":{"name":"(anonymous_4)","decl":{"start":{"line":1,"column":9},"end":{"line":1,"column":23}},"loc":{"start":{"line":1,"column":9},"end":{"line":1,"column":50}}},"1":{"name":"(anonymous_5)","decl":{"start":{"line":2,"column":9},"end":{"line":2,"column":31}},"loc":{"start":{"line":2,"column":9},"end":{"line":2,"column":66}}}},"branchMap":{},"s":{"0":1,"1":2,"2":1,"3":1,"4":1},"f":{"0":1,"1":0},"b":{}}
,"C:\\Users\\tfran\\testes-tecnicos\\creditas\\creditas-app\\src\\modules\\calculator\\services\\calculatorService.tsx": {"path":"C:\\Users\\tfran\\testes-tecnicos\\creditas\\creditas-app\\src\\modules\\calculator\\services\\calculatorService.tsx","statementMap":{"0":{"start":{"line":7,"column":4},"end":{"line":7,"column":32}},"1":{"start":{"line":10,"column":53},"end":{"line":10,"column":73}},"2":{"start":{"line":12,"column":26},"end":{"line":12,"column":52}},"3":{"start":{"line":14,"column":32},"end":{"line":14,"column":50}},"4":{"start":{"line":15,"column":44},"end":{"line":22,"column":6}},"5":{"start":{"line":23,"column":32},"end":{"line":23,"column":74}},"6":{"start":{"line":24,"column":4},"end":{"line":24,"column":73}},"7":{"start":{"line":25,"column":4},"end":{"line":25,"column":59}},"8":{"start":{"line":26,"column":4},"end":{"line":26,"column":54}},"9":{"start":{"line":28,"column":4},"end":{"line":28,"column":27}},"10":{"start":{"line":31,"column":4},"end":{"line":33,"column":5}},"11":{"start":{"line":32,"column":6},"end":{"line":32,"column":15}},"12":{"start":{"line":34,"column":4},"end":{"line":36,"column":5}},"13":{"start":{"line":35,"column":6},"end":{"line":35,"column":15}},"14":{"start":{"line":37,"column":4},"end":{"line":39,"column":5}},"15":{"start":{"line":38,"column":6},"end":{"line":38,"column":15}},"16":{"start":{"line":40,"column":4},"end":{"line":40,"column":13}},"17":{"start":{"line":43,"column":69},"end":{"line":43,"column":84}},"18":{"start":{"line":44,"column":22},"end":{"line":44,"column":63}},"19":{"start":{"line":45,"column":24},"end":{"line":45,"column":82}},"20":{"start":{"line":46,"column":27},"end":{"line":46,"column":50}},"21":{"start":{"line":47,"column":4},"end":{"line":47,"column":26}},"22":{"start":{"line":4,"column":0},"end":{"line":4,"column":13}}},"fnMap":{"0":{"name":"(anonymous_0)","decl":{"start":{"line":6,"column":2},"end":{"line":6,"column":14}},"loc":{"start":{"line":6,"column":39},"end":{"line":8,"column":3}}},"1":{"name":"(anonymous_1)","decl":{"start":{"line":9,"column":2},"end":{"line":9,"column":7}},"loc":{"start":{"line":9,"column":28},"end":{"line":29,"column":3}}},"2":{"name":"(anonymous_2)","decl":{"start":{"line":30,"column":10},"end":{"line":30,"column":26}},"loc":{"start":{"line":30,"column":38},"end":{"line":41,"column":3}}},"3":{"name":"(anonymous_3)","decl":{"start":{"line":42,"column":2},"end":{"line":42,"column":22}},"loc":{"start":{"line":42,"column":54},"end":{"line":48,"column":3}}}},"branchMap":{"0":{"loc":{"start":{"line":31,"column":4},"end":{"line":33,"column":5}},"type":"if","locations":[{"start":{"line":31,"column":4},"end":{"line":33,"column":5}},{"start":{},"end":{}}]},"1":{"loc":{"start":{"line":34,"column":4},"end":{"line":36,"column":5}},"type":"if","locations":[{"start":{"line":34,"column":4},"end":{"line":36,"column":5}},{"start":{},"end":{}}]},"2":{"loc":{"start":{"line":34,"column":8},"end":{"line":34,"column":30}},"type":"binary-expr","locations":[{"start":{"line":34,"column":8},"end":{"line":34,"column":17}},{"start":{"line":34,"column":21},"end":{"line":34,"column":30}}]},"3":{"loc":{"start":{"line":37,"column":4},"end":{"line":39,"column":5}},"type":"if","locations":[{"start":{"line":37,"column":4},"end":{"line":39,"column":5}},{"start":{},"end":{}}]},"4":{"loc":{"start":{"line":37,"column":8},"end":{"line":37,"column":30}},"type":"binary-expr","locations":[{"start":{"line":37,"column":8},"end":{"line":37,"column":17}},{"start":{"line":37,"column":21},"end":{"line":37,"column":30}}]}},"s":{"0":0,"1":0,"2":0,"3":0,"4":0,"5":0,"6":0,"7":0,"8":0,"9":0,"10":0,"11":0,"12":0,"13":0,"14":0,"15":0,"16":0,"17":0,"18":0,"19":0,"20":0,"21":0,"22":1},"f":{"0":0,"1":0,"2":0,"3":0},"b":{"0":[0,0],"1":[0,0],"2":[0,0],"3":[0,0],"4":[0,0]}}
}
