{"C:\\Users\\tfran\\testes-tecnicos\\creditas\\creditas-app\\src\\modules\\calculator\\index.tsx": {"path":"C:\\Users\\tfran\\testes-tecnicos\\creditas\\creditas-app\\src\\modules\\calculator\\index.tsx","statementMap":{"0":{"start":{"line":6,"column":0},"end":{"line":6,"column":24}},"1":{"start":{"line":1,"column":0},"end":{"line":1,"column":40}},"2":{"start":{"line":2,"column":0},"end":{"line":2,"column":95}},"3":{"start":{"line":3,"column":0},"end":{"line":3,"column":34}},"4":{"start":{"line":7,"column":36},"end":{"line":11,"column":4}},"5":{"start":{"line":13,"column":38},"end":{"line":20,"column":4}},"6":{"start":{"line":21,"column":32},"end":{"line":21,"column":56}},"7":{"start":{"line":22,"column":27},"end":{"line":24,"column":3}},"8":{"start":{"line":23,"column":4},"end":{"line":23,"column":28}},"9":{"start":{"line":25,"column":2},"end":{"line":41,"column":4}}},"fnMap":{"0":{"name":"CalculatorModule","decl":{"start":{"line":6,"column":24},"end":{"line":6,"column":40}},"loc":{"start":{"line":6,"column":40},"end":{"line":42,"column":1}}},"1":{"name":"(anonymous_10)","decl":{"start":{"line":22,"column":27},"end":{"line":22,"column":28}},"loc":{"start":{"line":22,"column":56},"end":{"line":24,"column":3}}}},"branchMap":{"0":{"loc":{"start":{"line":32,"column":7},"end":{"line":32,"column":79}},"type":"binary-expr","locations":[{"start":{"line":32,"column":7},"end":{"line":32,"column":32}},{"start":{"line":32,"column":36},"end":{"line":32,"column":79}}]},"1":{"loc":{"start":{"line":33,"column":7},"end":{"line":38,"column":null}},"type":"binary-expr","locations":[{"start":{"line":33,"column":7},"end":{"line":33,"column":32}},{"start":{"line":33,"column":36},"end":{"line":33,"column":44}},{"start":{"line":34,"column":8},"end":{"line":37,"column":null}}]}},"s":{"0":1,"1":1,"2":1,"3":1,"4":6,"5":6,"6":6,"7":6,"8":2,"9":6},"f":{"0":6,"1":2},"b":{"0":[6,2],"1":[6,2,2]}}
,"C:\\Users\\tfran\\testes-tecnicos\\creditas\\creditas-app\\src\\modules\\calculator\\actions\\handleSubmit.tsx": {"path":"C:\\Users\\tfran\\testes-tecnicos\\creditas\\creditas-app\\src\\modules\\calculator\\actions\\handleSubmit.tsx","statementMap":{"0":{"start":{"line":3,"column":31},"end":{"line":10,"column":1}},"1":{"start":{"line":4,"column":19},"end":{"line":8,"column":4}},"2":{"start":{"line":9,"column":2},"end":{"line":9,"column":18}},"3":{"start":{"line":3,"column":13},"end":{"line":3,"column":31}}},"fnMap":{"0":{"name":"(anonymous_0)","decl":{"start":{"line":3,"column":31},"end":{"line":3,"column":32}},"loc":{"start":{"line":3,"column":75},"end":{"line":10,"column":1}}}},"branchMap":{},"s":{"0":4,"1":3,"2":3,"3":4},"f":{"0":3},"b":{}}
,"C:\\Users\\tfran\\testes-tecnicos\\creditas\\creditas-app\\src\\modules\\calculator\\components\\calculatorForm.tsx": {"path":"C:\\Users\\tfran\\testes-tecnicos\\creditas\\creditas-app\\src\\modules\\calculator\\components\\calculatorForm.tsx","statementMap":{"0":{"start":{"line":60,"column":9},"end":{"line":60,"column":23}},"1":{"start":{"line":1,"column":0},"end":{"line":1,"column":40}},"2":{"start":{"line":3,"column":0},"end":{"line":3,"column":58}},"3":{"start":{"line":6,"column":34},"end":{"line":6,"column":57}},"4":{"start":{"line":8,"column":23},"end":{"line":14,"column":3}},"5":{"start":{"line":9,"column":28},"end":{"line":9,"column":36}},"6":{"start":{"line":10,"column":4},"end":{"line":13,"column":8}},"7":{"start":{"line":10,"column":27},"end":{"line":13,"column":6}},"8":{"start":{"line":16,"column":23},"end":{"line":22,"column":3}},"9":{"start":{"line":17,"column":4},"end":{"line":17,"column":21}},"10":{"start":{"line":18,"column":4},"end":{"line":18,"column":23}},"11":{"start":{"line":19,"column":21},"end":{"line":19,"column":46}},"12":{"start":{"line":20,"column":4},"end":{"line":20,"column":23}},"13":{"start":{"line":21,"column":4},"end":{"line":21,"column":22}},"14":{"start":{"line":24,"column":2},"end":{"line":57,"column":4}}},"fnMap":{"0":{"name":"CalculatorForm","decl":{"start":{"line":5,"column":9},"end":{"line":5,"column":23}},"loc":{"start":{"line":5,"column":70},"end":{"line":58,"column":1}}},"1":{"name":"(anonymous_10)","decl":{"start":{"line":8,"column":23},"end":{"line":8,"column":24}},"loc":{"start":{"line":8,"column":66},"end":{"line":14,"column":3}}},"2":{"name":"(anonymous_11)","decl":{"start":{"line":10,"column":16},"end":{"line":10,"column":17}},"loc":{"start":{"line":10,"column":27},"end":{"line":13,"column":6}}},"3":{"name":"(anonymous_12)","decl":{"start":{"line":16,"column":23},"end":{"line":16,"column":24}},"loc":{"start":{"line":16,"column":63},"end":{"line":22,"column":3}}}},"branchMap":{},"s":{"0":4,"1":4,"2":4,"3":14,"4":14,"5":5,"6":5,"7":5,"8":14,"9":3,"10":3,"11":3,"12":3,"13":3,"14":14},"f":{"0":14,"1":5,"2":5,"3":3},"b":{}}
,"C:\\Users\\tfran\\testes-tecnicos\\creditas\\creditas-app\\src\\modules\\calculator\\components\\calculatorInputDisplay.tsx": {"path":"C:\\Users\\tfran\\testes-tecnicos\\creditas\\creditas-app\\src\\modules\\calculator\\components\\calculatorInputDisplay.tsx","statementMap":{"0":{"start":{"line":22,"column":9},"end":{"line":22,"column":31}},"1":{"start":{"line":1,"column":0},"end":{"line":1,"column":26}},"2":{"start":{"line":5,"column":2},"end":{"line":19,"column":4}}},"fnMap":{"0":{"name":"CalculatorInputDisplay","decl":{"start":{"line":4,"column":9},"end":{"line":4,"column":31}},"loc":{"start":{"line":4,"column":65},"end":{"line":20,"column":1}}}},"branchMap":{},"s":{"0":4,"1":4,"2":3},"f":{"0":3},"b":{}}
,"C:\\Users\\tfran\\testes-tecnicos\\creditas\\creditas-app\\src\\modules\\calculator\\components\\calculatorResultDisplay.tsx": {"path":"C:\\Users\\tfran\\testes-tecnicos\\creditas\\creditas-app\\src\\modules\\calculator\\components\\calculatorResultDisplay.tsx","statementMap":{"0":{"start":{"line":50,"column":9},"end":{"line":50,"column":32}},"1":{"start":{"line":1,"column":0},"end":{"line":1,"column":51}},"2":{"start":{"line":2,"column":0},"end":{"line":2,"column":67}},"3":{"start":{"line":14,"column":40},"end":{"line":14,"column":76}},"4":{"start":{"line":16,"column":2},"end":{"line":25,"column":13}},"5":{"start":{"line":18,"column":33},"end":{"line":18,"column":61}},"6":{"start":{"line":19,"column":26},"end":{"line":19,"column":73}},"7":{"start":{"line":20,"column":6},"end":{"line":20,"column":34}},"8":{"start":{"line":21,"column":6},"end":{"line":21,"column":31}},"9":{"start":{"line":24,"column":4},"end":{"line":24,"column":16}},"10":{"start":{"line":27,"column":2},"end":{"line":47,"column":4}}},"fnMap":{"0":{"name":"CalculatorResultDisplay","decl":{"start":{"line":5,"column":9},"end":{"line":5,"column":32}},"loc":{"start":{"line":13,"column":1},"end":{"line":48,"column":1}}},"1":{"name":"(anonymous_10)","decl":{"start":{"line":16,"column":12},"end":{"line":16,"column":15}},"loc":{"start":{"line":16,"column":17},"end":{"line":25,"column":3}}},"2":{"name":"calculate","decl":{"start":{"line":17,"column":19},"end":{"line":17,"column":28}},"loc":{"start":{"line":17,"column":28},"end":{"line":22,"column":5}}}},"branchMap":{},"s":{"0":4,"1":4,"2":4,"3":8,"4":8,"5":4,"6":4,"7":4,"8":4,"9":4,"10":8},"f":{"0":8,"1":4,"2":4},"b":{}}
,"C:\\Users\\tfran\\testes-tecnicos\\creditas\\creditas-app\\src\\modules\\calculator\\components\\index.ts": {"path":"C:\\Users\\tfran\\testes-tecnicos\\creditas\\creditas-app\\src\\modules\\calculator\\components\\index.ts","statementMap":{"0":{"start":{"line":1,"column":0},"end":{"line":1,"column":9}},"1":{"start":{"line":1,"column":9},"end":{"line":1,"column":50}},"2":{"start":{"line":2,"column":0},"end":{"line":2,"column":9}},"3":{"start":{"line":2,"column":9},"end":{"line":2,"column":66}},"4":{"start":{"line":3,"column":0},"end":{"line":3,"column":42}}},"fnMap":{"0":{"name":"(anonymous_4)","decl":{"start":{"line":1,"column":9},"end":{"line":1,"column":23}},"loc":{"start":{"line":1,"column":9},"end":{"line":1,"column":50}}},"1":{"name":"(anonymous_5)","decl":{"start":{"line":2,"column":9},"end":{"line":2,"column":31}},"loc":{"start":{"line":2,"column":9},"end":{"line":2,"column":66}}}},"branchMap":{},"s":{"0":4,"1":13,"2":4,"3":7,"4":4},"f":{"0":9,"1":3},"b":{}}
,"C:\\Users\\tfran\\testes-tecnicos\\creditas\\creditas-app\\src\\modules\\calculator\\services\\calculatorService.tsx": {"path":"C:\\Users\\tfran\\testes-tecnicos\\creditas\\creditas-app\\src\\modules\\calculator\\services\\calculatorService.tsx","statementMap":{"0":{"start":{"line":3,"column":0},"end":{"line":3,"column":54}},"1":{"start":{"line":8,"column":4},"end":{"line":8,"column":32}},"2":{"start":{"line":11,"column":59},"end":{"line":11,"column":79}},"3":{"start":{"line":13,"column":16},"end":{"line":13,"column":44}},"4":{"start":{"line":15,"column":26},"end":{"line":15,"column":52}},"5":{"start":{"line":16,"column":32},"end":{"line":16,"column":50}},"6":{"start":{"line":17,"column":44},"end":{"line":24,"column":6}},"7":{"start":{"line":25,"column":32},"end":{"line":25,"column":74}},"8":{"start":{"line":26,"column":4},"end":{"line":26,"column":73}},"9":{"start":{"line":27,"column":4},"end":{"line":27,"column":59}},"10":{"start":{"line":28,"column":4},"end":{"line":28,"column":54}},"11":{"start":{"line":30,"column":4},"end":{"line":30,"column":27}},"12":{"start":{"line":33,"column":4},"end":{"line":35,"column":5}},"13":{"start":{"line":34,"column":6},"end":{"line":34,"column":15}},"14":{"start":{"line":36,"column":4},"end":{"line":38,"column":5}},"15":{"start":{"line":37,"column":6},"end":{"line":37,"column":15}},"16":{"start":{"line":39,"column":4},"end":{"line":41,"column":5}},"17":{"start":{"line":40,"column":6},"end":{"line":40,"column":15}},"18":{"start":{"line":42,"column":4},"end":{"line":42,"column":13}},"19":{"start":{"line":45,"column":69},"end":{"line":45,"column":84}},"20":{"start":{"line":46,"column":22},"end":{"line":46,"column":63}},"21":{"start":{"line":47,"column":24},"end":{"line":47,"column":82}},"22":{"start":{"line":48,"column":27},"end":{"line":48,"column":50}},"23":{"start":{"line":49,"column":4},"end":{"line":49,"column":26}},"24":{"start":{"line":52,"column":25},"end":{"line":65,"column":3}},"25":{"start":{"line":53,"column":4},"end":{"line":53,"column":31}},"26":{"start":{"line":54,"column":16},"end":{"line":54,"column":26}},"27":{"start":{"line":55,"column":27},"end":{"line":55,"column":47}},"28":{"start":{"line":56,"column":26},"end":{"line":59,"column":null}},"29":{"start":{"line":61,"column":27},"end":{"line":61,"column":73}},"30":{"start":{"line":62,"column":30},"end":{"line":62,"column":61}},"31":{"start":{"line":64,"column":4},"end":{"line":64,"column":29}},"32":{"start":{"line":5,"column":0},"end":{"line":5,"column":13}}},"fnMap":{"0":{"name":"(anonymous_0)","decl":{"start":{"line":7,"column":2},"end":{"line":7,"column":14}},"loc":{"start":{"line":7,"column":33},"end":{"line":9,"column":3}}},"1":{"name":"(anonymous_1)","decl":{"start":{"line":10,"column":2},"end":{"line":10,"column":7}},"loc":{"start":{"line":10,"column":28},"end":{"line":31,"column":3}}},"2":{"name":"(anonymous_2)","decl":{"start":{"line":32,"column":10},"end":{"line":32,"column":26}},"loc":{"start":{"line":32,"column":38},"end":{"line":43,"column":3}}},"3":{"name":"(anonymous_3)","decl":{"start":{"line":44,"column":2},"end":{"line":44,"column":22}},"loc":{"start":{"line":44,"column":54},"end":{"line":50,"column":3}}},"4":{"name":"(anonymous_4)","decl":{"start":{"line":52,"column":25},"end":{"line":52,"column":26}},"loc":{"start":{"line":52,"column":55},"end":{"line":65,"column":3}}}},"branchMap":{"0":{"loc":{"start":{"line":33,"column":4},"end":{"line":35,"column":5}},"type":"if","locations":[{"start":{"line":33,"column":4},"end":{"line":35,"column":5}},{"start":{},"end":{}}]},"1":{"loc":{"start":{"line":36,"column":4},"end":{"line":38,"column":5}},"type":"if","locations":[{"start":{"line":36,"column":4},"end":{"line":38,"column":5}},{"start":{},"end":{}}]},"2":{"loc":{"start":{"line":36,"column":8},"end":{"line":36,"column":30}},"type":"binary-expr","locations":[{"start":{"line":36,"column":8},"end":{"line":36,"column":17}},{"start":{"line":36,"column":21},"end":{"line":36,"column":30}}]},"3":{"loc":{"start":{"line":39,"column":4},"end":{"line":41,"column":5}},"type":"if","locations":[{"start":{"line":39,"column":4},"end":{"line":41,"column":5}},{"start":{},"end":{}}]},"4":{"loc":{"start":{"line":39,"column":8},"end":{"line":39,"column":30}},"type":"binary-expr","locations":[{"start":{"line":39,"column":8},"end":{"line":39,"column":17}},{"start":{"line":39,"column":21},"end":{"line":39,"column":30}}]}},"s":{"0":5,"1":12,"2":10,"3":10,"4":10,"5":10,"6":10,"7":10,"8":10,"9":10,"10":10,"11":10,"12":10,"13":3,"14":7,"15":4,"16":3,"17":1,"18":2,"19":10,"20":10,"21":10,"22":10,"23":10,"24":12,"25":10,"26":10,"27":10,"28":10,"29":10,"30":10,"31":10,"32":5},"f":{"0":12,"1":10,"2":10,"3":10,"4":10},"b":{"0":[3,7],"1":[4,3],"2":[7,7],"3":[1,2],"4":[3,3]}}
,"C:\\Users\\tfran\\testes-tecnicos\\creditas\\creditas-app\\src\\test-utils\\factories\\formFactorie.ts": {"path":"C:\\Users\\tfran\\testes-tecnicos\\creditas\\creditas-app\\src\\test-utils\\factories\\formFactorie.ts","statementMap":{"0":{"start":{"line":6,"column":0},"end":{"line":6,"column":16}},"1":{"start":{"line":19,"column":0},"end":{"line":19,"column":7}},"2":{"start":{"line":2,"column":0},"end":{"line":2,"column":40}},"3":{"start":{"line":4,"column":0},"end":{"line":4,"column":89}},"4":{"start":{"line":7,"column":15},"end":{"line":14,"column":4}},"5":{"start":{"line":16,"column":2},"end":{"line":16,"column":14}},"6":{"start":{"line":23,"column":29},"end":{"line":23,"column":65}},"7":{"start":{"line":25,"column":22},"end":{"line":25,"column":69}},"8":{"start":{"line":27,"column":15},"end":{"line":27,"column":47}},"9":{"start":{"line":29,"column":2},"end":{"line":29,"column":14}}},"fnMap":{"0":{"name":"createCalculatorFormData","decl":{"start":{"line":6,"column":16},"end":{"line":6,"column":40}},"loc":{"start":{"line":6,"column":55},"end":{"line":17,"column":1}}},"1":{"name":"createPaymentPlanData","decl":{"start":{"line":19,"column":22},"end":{"line":19,"column":43}},"loc":{"start":{"line":21,"column":16},"end":{"line":30,"column":1}}}},"branchMap":{"0":{"loc":{"start":{"line":6,"column":41},"end":{"line":6,"column":55}},"type":"default-arg","locations":[{"start":{"line":6,"column":53},"end":{"line":6,"column":55}}]},"1":{"loc":{"start":{"line":21,"column":2},"end":{"line":21,"column":16}},"type":"default-arg","locations":[{"start":{"line":21,"column":14},"end":{"line":21,"column":16}}]}},"s":{"0":5,"1":5,"2":5,"3":5,"4":8,"5":8,"6":3,"7":3,"8":3,"9":3},"f":{"0":8,"1":3},"b":{"0":[7],"1":[3]}}
}
