TN:
SF:src\modules\calculator\actions\handleSubmit.tsx
FN:3,(anonymous_0)
FNF:1
FNH:1
FNDA:1,(anonymous_0)
DA:3,3
DA:4,1
DA:9,1
LF:3
LH:3
BRF:0
BRH:0
end_of_record
TN:
SF:src\modules\calculator\components\calculatorForm.tsx
FN:5,CalculatorForm
FN:8,(anonymous_10)
FN:10,(anonymous_11)
FN:16,(anonymous_12)
FNF:4
FNH:4
FNDA:5,CalculatorForm
FNDA:2,(anonymous_10)
FNDA:2,(anonymous_11)
FNDA:1,(anonymous_12)
DA:1,3
DA:3,3
DA:6,5
DA:8,5
DA:9,2
DA:10,2
DA:16,5
DA:17,1
DA:18,1
DA:19,1
DA:20,1
DA:21,1
DA:24,5
DA:60,3
LF:14
LH:14
BRF:0
BRH:0
end_of_record
TN:
SF:src\modules\calculator\components\calculatorInputDisplay.tsx
FN:4,CalculatorInputDisplay
FNF:1
FNH:1
FNDA:1,CalculatorInputDisplay
DA:1,3
DA:5,1
DA:21,3
LF:3
LH:3
BRF:0
BRH:0
end_of_record
TN:
SF:src\modules\calculator\components\calculatorResultDisplay.tsx
FN:5,CalculatorResultDisplay
FN:16,(anonymous_10)
FN:17,calculate
FNF:3
FNH:3
FNDA:6,CalculatorResultDisplay
FNDA:3,(anonymous_10)
FNDA:3,calculate
DA:1,3
DA:2,3
DA:14,6
DA:16,6
DA:18,3
DA:19,3
DA:20,3
DA:21,3
DA:24,3
DA:27,6
DA:49,3
LF:11
LH:11
BRF:0
BRH:0
end_of_record
TN:
SF:src\modules\calculator\components\index.ts
FN:1,(anonymous_4)
FN:2,(anonymous_5)
FNF:2
FNH:2
FNDA:3,(anonymous_4)
FNDA:1,(anonymous_5)
DA:1,6
DA:2,4
DA:3,3
LF:3
LH:3
BRF:0
BRH:0
end_of_record
TN:
SF:src\modules\calculator\services\calculatorService.tsx
FN:7,(anonymous_0)
FN:10,(anonymous_1)
FN:32,(anonymous_2)
FN:44,(anonymous_3)
FN:52,(anonymous_4)
FNF:5
FNH:5
FNDA:11,(anonymous_0)
FNDA:9,(anonymous_1)
FNDA:9,(anonymous_2)
FNDA:9,(anonymous_3)
FNDA:9,(anonymous_4)
DA:3,4
DA:5,4
DA:8,11
DA:11,9
DA:13,9
DA:15,9
DA:16,9
DA:17,9
DA:25,9
DA:26,9
DA:27,9
DA:28,9
DA:30,9
DA:33,9
DA:34,1
DA:36,8
DA:37,6
DA:39,2
DA:40,0
DA:42,2
DA:45,9
DA:46,9
DA:47,9
DA:48,9
DA:49,9
DA:52,11
DA:53,9
DA:54,9
DA:55,9
DA:56,9
DA:61,9
DA:62,9
DA:64,9
LF:33
LH:32
BRDA:33,0,0,1
BRDA:33,0,1,8
BRDA:36,1,0,6
BRDA:36,1,1,2
BRDA:36,2,0,8
BRDA:36,2,1,8
BRDA:39,3,0,0
BRDA:39,3,1,2
BRDA:39,4,0,2
BRDA:39,4,1,2
BRF:10
BRH:9
end_of_record
TN:
SF:src\test-utils\factories\formFactorie.ts
FN:6,createCalculatorFormData
FN:19,createPaymentPlanData
FNF:2
FNH:2
FNDA:7,createCalculatorFormData
FNDA:3,createPaymentPlanData
DA:2,4
DA:4,4
DA:6,4
DA:7,7
DA:16,7
DA:19,4
DA:23,3
DA:25,3
DA:27,3
DA:29,3
LF:10
LH:10
BRDA:6,0,0,6
BRDA:21,1,0,3
BRF:2
BRH:2
end_of_record
