TN:
SF:src\modules\calculator\index.tsx
FN:6,CalculatorModule
FN:22,(anonymous_10)
FNF:2
FNH:2
FNDA:6,CalculatorModule
FNDA:2,(anonymous_10)
DA:1,1
DA:2,1
DA:3,1
DA:6,1
DA:7,6
DA:13,6
DA:21,6
DA:22,6
DA:23,2
DA:25,6
LF:10
LH:10
BRDA:32,0,0,6
BRDA:32,0,1,2
BRDA:33,1,0,6
BRDA:33,1,1,2
BRDA:33,1,2,2
BRF:5
BRH:5
end_of_record
TN:
SF:src\modules\calculator\actions\handleSubmit.tsx
FN:3,(anonymous_0)
FNF:1
FNH:1
FNDA:3,(anonymous_0)
DA:3,4
DA:4,3
DA:9,3
LF:3
LH:3
BRF:0
BRH:0
end_of_record
TN:
SF:src\modules\calculator\components\calculatorForm.tsx
FN:5,CalculatorForm
FN:8,(anonymous_10)
FN:10,(anonymous_11)
FN:16,(anonymous_12)
FNF:4
FNH:4
FNDA:14,CalculatorForm
FNDA:5,(anonymous_10)
FNDA:5,(anonymous_11)
FNDA:3,(anonymous_12)
DA:1,4
DA:3,4
DA:6,14
DA:8,14
DA:9,5
DA:10,5
DA:16,14
DA:17,3
DA:18,3
DA:19,3
DA:20,3
DA:21,3
DA:24,14
DA:60,4
LF:14
LH:14
BRF:0
BRH:0
end_of_record
TN:
SF:src\modules\calculator\components\calculatorInputDisplay.tsx
FN:4,CalculatorInputDisplay
FNF:1
FNH:1
FNDA:3,CalculatorInputDisplay
DA:1,4
DA:5,3
DA:22,4
LF:3
LH:3
BRF:0
BRH:0
end_of_record
TN:
SF:src\modules\calculator\components\calculatorResultDisplay.tsx
FN:5,CalculatorResultDisplay
FN:16,(anonymous_10)
FN:17,calculate
FNF:3
FNH:3
FNDA:8,CalculatorResultDisplay
FNDA:4,(anonymous_10)
FNDA:4,calculate
DA:1,4
DA:2,4
DA:14,8
DA:16,8
DA:18,4
DA:19,4
DA:20,4
DA:21,4
DA:24,4
DA:27,8
DA:50,4
LF:11
LH:11
BRF:0
BRH:0
end_of_record
TN:
SF:src\modules\calculator\components\index.ts
FN:1,(anonymous_4)
FN:2,(anonymous_5)
FNF:2
FNH:2
FNDA:9,(anonymous_4)
FNDA:3,(anonymous_5)
DA:1,13
DA:2,7
DA:3,4
LF:3
LH:3
BRF:0
BRH:0
end_of_record
TN:
SF:src\modules\calculator\services\calculatorService.tsx
FN:7,(anonymous_0)
FN:10,(anonymous_1)
FN:32,(anonymous_2)
FN:44,(anonymous_3)
FN:52,(anonymous_4)
FNF:5
FNH:5
FNDA:12,(anonymous_0)
FNDA:10,(anonymous_1)
FNDA:10,(anonymous_2)
FNDA:10,(anonymous_3)
FNDA:10,(anonymous_4)
DA:3,5
DA:5,5
DA:8,12
DA:11,10
DA:13,10
DA:15,10
DA:16,10
DA:17,10
DA:25,10
DA:26,10
DA:27,10
DA:28,10
DA:30,10
DA:33,10
DA:34,3
DA:36,7
DA:37,4
DA:39,3
DA:40,1
DA:42,2
DA:45,10
DA:46,10
DA:47,10
DA:48,10
DA:49,10
DA:52,12
DA:53,10
DA:54,10
DA:55,10
DA:56,10
DA:61,10
DA:62,10
DA:64,10
LF:33
LH:33
BRDA:33,0,0,3
BRDA:33,0,1,7
BRDA:36,1,0,4
BRDA:36,1,1,3
BRDA:36,2,0,7
BRDA:36,2,1,7
BRDA:39,3,0,1
BRDA:39,3,1,2
BRDA:39,4,0,3
BRDA:39,4,1,3
BRF:10
BRH:10
end_of_record
TN:
SF:src\test-utils\factories\formFactorie.ts
FN:6,createCalculatorFormData
FN:19,createPaymentPlanData
FNF:2
FNH:2
FNDA:8,createCalculatorFormData
FNDA:3,createPaymentPlanData
DA:2,5
DA:4,5
DA:6,5
DA:7,8
DA:16,8
DA:19,5
DA:23,3
DA:25,3
DA:27,3
DA:29,3
LF:10
LH:10
BRDA:6,0,0,7
BRDA:21,1,0,3
BRF:2
BRH:2
end_of_record
